2025-03-21 00:52:37.263 | INFO     | __main__:main:41 - Starting data preparation...
2025-03-21 00:52:37.263 | INFO     | __main__:read_raw_data:26 - Reading raw data from C:\Users\trent\Projects\smart-store-trentrueckert\data\raw\customers_data.csv.
2025-03-21 00:52:37.275 | INFO     | __main__:read_raw_data:26 - Reading raw data from C:\Users\trent\Projects\smart-store-trentrueckert\data\raw\products_data.csv.
2025-03-21 00:52:37.279 | INFO     | __main__:read_raw_data:26 - Reading raw data from C:\Users\trent\Projects\smart-store-trentrueckert\data\raw\sales_data.csv.
2025-03-21 00:52:37.289 | INFO     | __main__:main:45 - Data preparation complete.
2025-03-27 23:48:01.866 | INFO     | __main__:main:154 - ==================================
2025-03-27 23:48:01.867 | INFO     | __main__:main:155 - STARTING prepare_customers_data.py
2025-03-27 23:48:01.867 | INFO     | __main__:main:156 - ==================================
2025-03-27 23:48:01.868 | INFO     | __main__:main:158 - Root project folder: C:\Users\trent\Projects\smart-store-trentrueckert
2025-03-27 23:48:01.868 | INFO     | __main__:main:159 - data / raw folder: C:\Users\trent\Projects\smart-store-trentrueckert\data\raw
2025-03-27 23:48:01.868 | INFO     | __main__:main:160 - data / prepared folder: C:\Users\trent\Projects\smart-store-trentrueckert\data\prepared
2025-03-27 23:48:01.869 | INFO     | __main__:main:161 - scripts folder: C:\Users\trent\Projects\smart-store-trentrueckert\scripts
2025-03-27 23:48:01.869 | INFO     | __main__:read_raw_data:60 - FUNCTION START: read_raw_data with file_name=customers_data.csv
2025-03-27 23:48:01.869 | INFO     | __main__:read_raw_data:62 - Reading data from C:\Users\trent\Projects\smart-store-trentrueckert\data\raw\customers_data.csv
2025-03-27 23:48:01.882 | INFO     | __main__:read_raw_data:64 - Loaded dataframe with 11 rows and 6 columns
2025-03-27 23:48:01.883 | INFO     | __main__:main:170 - Initial dataframe columns: CustomerID, Name, Region, JoinDate, LastActiveYear, PreferredContactMethod
2025-03-27 23:48:01.884 | INFO     | __main__:main:171 - Initial dataframe shape: (11, 6)
2025-03-27 23:48:01.887 | INFO     | __main__:remove_duplicates:92 - FUNCTION START: remove_duplicates with dataframe shape=(11, 6)
2025-03-27 23:48:01.894 | INFO     | __main__:remove_duplicates:96 - Removed 0 duplicate rows
2025-03-27 23:48:01.894 | INFO     | __main__:remove_duplicates:97 - 11 records remaining after removing duplicates.
2025-03-27 23:48:01.895 | INFO     | __main__:handle_missing_values:111 - FUNCTION START: handle_missing_values with dataframe shape=(11, 6)
2025-03-27 23:48:01.896 | INFO     | __main__:handle_missing_values:115 - Total missing values before handling: 0
2025-03-27 23:48:01.904 | INFO     | __main__:handle_missing_values:122 - Total missing values after handling: 0
2025-03-27 23:48:01.905 | INFO     | __main__:handle_missing_values:123 - 11 records remaining after handling missing values.
2025-03-27 23:48:01.908 | INFO     | __main__:remove_outliers:137 - FUNCTION START: remove_outliers with dataframe shape=(11, 6)
2025-03-27 23:48:01.914 | INFO     | __main__:remove_outliers:145 - Removed 1 outlier rows
2025-03-27 23:48:01.918 | INFO     | __main__:remove_outliers:146 - 10 records remaining after removing outliers.
2025-03-27 23:48:01.919 | INFO     | __main__:save_prepared_data:75 - FUNCTION START: save_prepared_data with file_name=customers_data_prepared.csv, dataframe shape=(10, 6)
2025-03-27 23:49:59.476 | INFO     | __main__:main:154 - ==================================
2025-03-27 23:49:59.476 | INFO     | __main__:main:155 - STARTING prepare_customers_data.py
2025-03-27 23:49:59.477 | INFO     | __main__:main:156 - ==================================
2025-03-27 23:49:59.477 | INFO     | __main__:main:158 - Root project folder: C:\Users\trent\Projects\smart-store-trentrueckert
2025-03-27 23:49:59.477 | INFO     | __main__:main:159 - data / raw folder: C:\Users\trent\Projects\smart-store-trentrueckert\data\raw
2025-03-27 23:49:59.478 | INFO     | __main__:main:160 - data / prepared folder: C:\Users\trent\Projects\smart-store-trentrueckert\data\prepared
2025-03-27 23:49:59.478 | INFO     | __main__:main:161 - scripts folder: C:\Users\trent\Projects\smart-store-trentrueckert\scripts
2025-03-27 23:49:59.478 | INFO     | __main__:read_raw_data:60 - FUNCTION START: read_raw_data with file_name=customers_data.csv
2025-03-27 23:49:59.479 | INFO     | __main__:read_raw_data:62 - Reading data from C:\Users\trent\Projects\smart-store-trentrueckert\data\raw\customers_data.csv
2025-03-27 23:49:59.483 | INFO     | __main__:read_raw_data:64 - Loaded dataframe with 11 rows and 6 columns
2025-03-27 23:49:59.483 | INFO     | __main__:main:170 - Initial dataframe columns: CustomerID, Name, Region, JoinDate, LastActiveYear, PreferredContactMethod
2025-03-27 23:49:59.484 | INFO     | __main__:main:171 - Initial dataframe shape: (11, 6)
2025-03-27 23:49:59.497 | INFO     | __main__:remove_duplicates:92 - FUNCTION START: remove_duplicates with dataframe shape=(11, 6)
2025-03-27 23:49:59.499 | INFO     | __main__:remove_duplicates:96 - Removed 0 duplicate rows
2025-03-27 23:49:59.499 | INFO     | __main__:remove_duplicates:97 - 11 records remaining after removing duplicates.
2025-03-27 23:49:59.500 | INFO     | __main__:handle_missing_values:111 - FUNCTION START: handle_missing_values with dataframe shape=(11, 6)
2025-03-27 23:49:59.501 | INFO     | __main__:handle_missing_values:115 - Total missing values before handling: 0
2025-03-27 23:49:59.504 | INFO     | __main__:handle_missing_values:122 - Total missing values after handling: 0
2025-03-27 23:49:59.505 | INFO     | __main__:handle_missing_values:123 - 11 records remaining after handling missing values.
2025-03-27 23:49:59.513 | INFO     | __main__:remove_outliers:137 - FUNCTION START: remove_outliers with dataframe shape=(11, 6)
2025-03-27 23:49:59.516 | INFO     | __main__:remove_outliers:145 - Removed 1 outlier rows
2025-03-27 23:49:59.516 | INFO     | __main__:remove_outliers:146 - 10 records remaining after removing outliers.
2025-03-27 23:49:59.517 | INFO     | __main__:save_prepared_data:75 - FUNCTION START: save_prepared_data with file_name=customers_data_prepared.csv, dataframe shape=(10, 6)
2025-03-27 23:56:44.989 | INFO     | __main__:main:102 - ==================================
2025-03-27 23:56:44.989 | INFO     | __main__:main:103 - STARTING prepare_customers_data.py
2025-03-27 23:56:44.990 | INFO     | __main__:main:104 - ==================================
2025-03-27 23:56:44.990 | INFO     | __main__:main:106 - Root project folder: C:\Users\trent\Projects\smart-store-trentrueckert
2025-03-27 23:56:44.990 | INFO     | __main__:main:107 - data / raw folder: C:\Users\trent\Projects\smart-store-trentrueckert\data\raw
2025-03-27 23:56:44.991 | INFO     | __main__:main:108 - data / prepared folder: C:\Users\trent\Projects\smart-store-trentrueckert\data\prepared
2025-03-27 23:56:44.991 | INFO     | __main__:main:109 - scripts folder: C:\Users\trent\Projects\smart-store-trentrueckert\scripts
2025-03-27 23:56:44.991 | INFO     | __main__:read_raw_data:51 - FUNCTION START: read_raw_data with file_name=customers_data.csv
2025-03-27 23:56:44.992 | INFO     | __main__:read_raw_data:53 - Reading data from C:\Users\trent\Projects\smart-store-trentrueckert\data\raw\customers_data.csv
2025-03-27 23:56:44.996 | INFO     | __main__:read_raw_data:55 - Loaded dataframe with 11 rows and 6 columns
2025-03-27 23:56:44.996 | INFO     | __main__:main:115 - Initial dataframe columns: CustomerID, Name, Region, JoinDate, LastActiveYear, PreferredContactMethod
2025-03-27 23:56:44.996 | INFO     | __main__:main:116 - Initial dataframe shape: (11, 6)
2025-03-27 23:56:45.000 | INFO     | __main__:remove_duplicates:65 - FUNCTION START: remove_duplicates with dataframe shape=(11, 6)
2025-03-27 23:56:45.001 | INFO     | __main__:remove_duplicates:69 - Removed 0 duplicate rows
2025-03-27 23:56:45.003 | INFO     | __main__:remove_duplicates:70 - 11 records remaining after removing duplicates.
2025-03-27 23:56:45.004 | INFO     | __main__:handle_missing_values:74 - FUNCTION START: handle_missing_values with dataframe shape=(11, 6)
2025-03-27 23:56:45.005 | INFO     | __main__:handle_missing_values:78 - Total missing values before handling: 0
2025-03-27 23:56:45.007 | INFO     | __main__:handle_missing_values:85 - Total missing values after handling: 0
2025-03-27 23:56:45.008 | INFO     | __main__:handle_missing_values:86 - 11 records remaining after handling missing values.
2025-03-27 23:56:45.009 | INFO     | __main__:remove_outliers:90 - FUNCTION START: remove_outliers with dataframe shape=(11, 6)
2025-03-27 23:56:45.010 | INFO     | __main__:remove_outliers:96 - Removed 1 outlier rows
2025-03-27 23:56:45.011 | INFO     | __main__:remove_outliers:97 - 10 records remaining after removing outliers.
2025-03-27 23:56:45.011 | INFO     | __main__:save_prepared_data:59 - FUNCTION START: save_prepared_data with file_name=customers_data_prepared.csv, dataframe shape=(10, 6)
2025-03-27 23:59:53.831 | INFO     | __main__:main:102 - ==================================
2025-03-27 23:59:53.832 | INFO     | __main__:main:103 - STARTING prepare_customers_data.py
2025-03-27 23:59:53.832 | INFO     | __main__:main:104 - ==================================
2025-03-27 23:59:53.832 | INFO     | __main__:main:106 - Root project folder: C:\Users\trent\Projects\smart-store-trentrueckert
2025-03-27 23:59:53.833 | INFO     | __main__:main:107 - data / raw folder: C:\Users\trent\Projects\smart-store-trentrueckert\data\raw
2025-03-27 23:59:53.833 | INFO     | __main__:main:108 - data / prepared folder: C:\Users\trent\Projects\smart-store-trentrueckert\data\prepared
2025-03-27 23:59:53.833 | INFO     | __main__:main:109 - scripts folder: C:\Users\trent\Projects\smart-store-trentrueckert\scripts
2025-03-27 23:59:53.834 | INFO     | __main__:read_raw_data:51 - FUNCTION START: read_raw_data with file_name=customers_data.csv
2025-03-27 23:59:53.834 | INFO     | __main__:read_raw_data:53 - Reading data from C:\Users\trent\Projects\smart-store-trentrueckert\data\raw\customers_data.csv
2025-03-27 23:59:53.838 | INFO     | __main__:read_raw_data:55 - Loaded dataframe with 11 rows and 6 columns
2025-03-27 23:59:53.838 | INFO     | __main__:main:115 - Initial dataframe columns: CustomerID, Name, Region, JoinDate, LastActiveYear, PreferredContactMethod
2025-03-27 23:59:53.839 | INFO     | __main__:main:116 - Initial dataframe shape: (11, 6)
2025-03-27 23:59:53.841 | INFO     | __main__:remove_duplicates:65 - FUNCTION START: remove_duplicates with dataframe shape=(11, 6)
2025-03-27 23:59:53.843 | INFO     | __main__:remove_duplicates:69 - Removed 0 duplicate rows
2025-03-27 23:59:53.844 | INFO     | __main__:remove_duplicates:70 - 11 records remaining after removing duplicates.
2025-03-27 23:59:53.845 | INFO     | __main__:handle_missing_values:74 - FUNCTION START: handle_missing_values with dataframe shape=(11, 6)
2025-03-27 23:59:53.854 | INFO     | __main__:handle_missing_values:78 - Total missing values before handling: 0
2025-03-27 23:59:53.857 | INFO     | __main__:handle_missing_values:85 - Total missing values after handling: 0
2025-03-27 23:59:53.857 | INFO     | __main__:handle_missing_values:86 - 11 records remaining after handling missing values.
2025-03-27 23:59:53.858 | INFO     | __main__:remove_outliers:90 - FUNCTION START: remove_outliers with dataframe shape=(11, 6)
2025-03-27 23:59:53.859 | INFO     | __main__:remove_outliers:96 - Removed 1 outlier rows
2025-03-27 23:59:53.859 | INFO     | __main__:remove_outliers:97 - 10 records remaining after removing outliers.
2025-03-27 23:59:53.860 | INFO     | __main__:save_prepared_data:59 - FUNCTION START: save_prepared_data with file_name=customers_data_prepared.csv, dataframe shape=(10, 6)
2025-03-27 23:59:53.864 | INFO     | __main__:save_prepared_data:62 - Data saved to C:\Users\trent\Projects\smart-store-trentrueckert\data\prepared\customers_data_prepared.csv
2025-03-27 23:59:53.870 | INFO     | __main__:main:139 - ==================================
2025-03-27 23:59:53.871 | INFO     | __main__:main:140 - FINISHED prepare_customers_data.py
2025-03-27 23:59:53.872 | INFO     | __main__:main:141 - ==================================
2025-03-28 00:00:31.908 | INFO     | __main__:main:55 - Starting prepare_sales_data.py
2025-03-28 00:00:31.909 | INFO     | __main__:read_raw_data:22 - Reading data from C:\Users\trent\Projects\smart-store-trentrueckert\data\raw\products_data.csv
2025-03-28 00:00:31.913 | INFO     | __main__:read_raw_data:24 - Loaded 8 rows, 6 columns
2025-03-28 00:00:31.914 | INFO     | __main__:remove_duplicates:35 - Removed 0 duplicates
2025-03-28 00:00:31.918 | INFO     | __main__:handle_missing_values:40 - Handled missing values: 0 remaining
2025-03-28 00:00:31.920 | INFO     | __main__:remove_outliers:46 - Removed 0 outliers in DiscountPercent
2025-03-28 00:00:31.922 | INFO     | __main__:standardize_formats:51 - Standardized formats
2025-03-28 00:00:31.928 | INFO     | __main__:save_prepared_data:30 - Saved to C:\Users\trent\Projects\smart-store-trentrueckert\data\prepared\products_data_prepared.csv
2025-03-28 00:00:31.928 | INFO     | __main__:main:65 - Finished prepare_products_data.py
2025-03-28 00:00:48.941 | INFO     | __main__:main:56 - Starting prepare_sales_data.py
2025-03-28 00:00:48.942 | INFO     | __main__:read_raw_data:22 - Reading data from C:\Users\trent\Projects\smart-store-trentrueckert\data\raw\sales_data.csv
2025-03-28 00:00:48.948 | INFO     | __main__:read_raw_data:24 - Loaded 94 rows, 9 columns
2025-03-28 00:00:48.950 | INFO     | __main__:remove_duplicates:35 - Removed 0 duplicates
2025-03-28 00:00:48.951 | INFO     | __main__:handle_missing_values:40 - Handled missing values: 0 remaining
2025-03-28 00:00:48.954 | INFO     | __main__:remove_outliers:46 - Removed 0 outliers in DiscountPercent
2025-03-28 00:00:48.965 | INFO     | __main__:standardize_formats:52 - Standardized formats
2025-03-28 00:00:48.966 | INFO     | __main__:main:65 - Finished prepare_sales_data.py
2025-03-28 00:01:56.186 | INFO     | __main__:main:56 - Starting prepare_sales_data.py
2025-03-28 00:01:56.187 | INFO     | __main__:read_raw_data:22 - Reading data from C:\Users\trent\Projects\smart-store-trentrueckert\data\raw\sales_data.csv
2025-03-28 00:01:56.192 | INFO     | __main__:read_raw_data:24 - Loaded 94 rows, 9 columns
2025-03-28 00:01:56.193 | INFO     | __main__:remove_duplicates:35 - Removed 0 duplicates
2025-03-28 00:01:56.196 | INFO     | __main__:handle_missing_values:40 - Handled missing values: 0 remaining
2025-03-28 00:01:56.197 | INFO     | __main__:remove_outliers:46 - Removed 0 outliers in DiscountPercent
2025-03-28 00:01:56.205 | INFO     | __main__:standardize_formats:52 - Standardized formats
2025-03-28 00:01:56.212 | INFO     | __main__:save_prepared_data:30 - Saved to C:\Users\trent\Projects\smart-store-trentrueckert\data\prepared\sales_data_prepared.csv
2025-03-28 00:01:56.213 | INFO     | __main__:main:66 - Finished prepare_sales_data.py
2025-03-28 00:07:25.738 | INFO     | __main__:main:102 - ==================================
2025-03-28 00:07:25.739 | INFO     | __main__:main:103 - STARTING prepare_customers_data.py
2025-03-28 00:07:25.739 | INFO     | __main__:main:104 - ==================================
2025-03-28 00:07:25.739 | INFO     | __main__:main:106 - Root project folder: C:\Users\trent\Projects\smart-store-trentrueckert
2025-03-28 00:07:25.740 | INFO     | __main__:main:107 - data / raw folder: C:\Users\trent\Projects\smart-store-trentrueckert\data\raw
2025-03-28 00:07:25.740 | INFO     | __main__:main:108 - data / prepared folder: C:\Users\trent\Projects\smart-store-trentrueckert\data\prepared
2025-03-28 00:07:25.740 | INFO     | __main__:main:109 - scripts folder: C:\Users\trent\Projects\smart-store-trentrueckert\scripts
2025-03-28 00:07:25.741 | INFO     | __main__:read_raw_data:51 - FUNCTION START: read_raw_data with file_name=customers_data.csv
2025-03-28 00:07:25.741 | INFO     | __main__:read_raw_data:53 - Reading data from C:\Users\trent\Projects\smart-store-trentrueckert\data\raw\customers_data.csv
2025-03-28 00:07:25.745 | INFO     | __main__:read_raw_data:55 - Loaded dataframe with 11 rows and 6 columns
2025-03-28 00:07:25.745 | INFO     | __main__:main:115 - Initial dataframe columns: CustomerID, Name, Region, JoinDate, LastActiveYear, PreferredContactMethod
2025-03-28 00:07:25.746 | INFO     | __main__:main:116 - Initial dataframe shape: (11, 6)
2025-03-28 00:07:25.747 | INFO     | __main__:remove_duplicates:65 - FUNCTION START: remove_duplicates with dataframe shape=(11, 6)
2025-03-28 00:07:25.748 | INFO     | __main__:remove_duplicates:69 - Removed 0 duplicate rows
2025-03-28 00:07:25.749 | INFO     | __main__:remove_duplicates:70 - 11 records remaining after removing duplicates.
2025-03-28 00:07:25.749 | INFO     | __main__:handle_missing_values:74 - FUNCTION START: handle_missing_values with dataframe shape=(11, 6)
2025-03-28 00:07:25.750 | INFO     | __main__:handle_missing_values:78 - Total missing values before handling: 0
2025-03-28 00:07:25.752 | INFO     | __main__:handle_missing_values:85 - Total missing values after handling: 0
2025-03-28 00:07:25.823 | INFO     | __main__:handle_missing_values:86 - 11 records remaining after handling missing values.
2025-03-28 00:07:25.824 | INFO     | __main__:remove_outliers:90 - FUNCTION START: remove_outliers with dataframe shape=(11, 6)
2025-03-28 00:07:25.826 | INFO     | __main__:remove_outliers:96 - Removed 0 outlier rows
2025-03-28 00:07:25.826 | INFO     | __main__:remove_outliers:97 - 11 records remaining after removing outliers.
2025-03-28 00:07:25.827 | INFO     | __main__:save_prepared_data:59 - FUNCTION START: save_prepared_data with file_name=customers_data_prepared.csv, dataframe shape=(11, 6)
2025-03-28 00:07:25.830 | INFO     | __main__:save_prepared_data:62 - Data saved to C:\Users\trent\Projects\smart-store-trentrueckert\data\prepared\customers_data_prepared.csv
2025-03-28 00:07:25.831 | INFO     | __main__:main:139 - ==================================
2025-03-28 00:07:25.831 | INFO     | __main__:main:140 - FINISHED prepare_customers_data.py
2025-03-28 00:07:25.831 | INFO     | __main__:main:141 - ==================================
2025-04-18 22:23:12.640 | INFO     | __main__:main:117 - Starting OLAP Cubing process...
2025-04-18 22:23:12.644 | INFO     | __main__:ingest_sales_data_from_dw:33 - Sales data (with region and product_name) successfully loaded from SQLite data warehouse.
2025-04-18 22:23:12.666 | INFO     | __main__:create_olap_cube:70 - OLAP cube created with dimensions: ['Year', 'Month', 'region', 'product_name']
2025-04-18 22:23:12.681 | INFO     | __main__:write_cube_to_csv:109 - OLAP cube saved to data\olap_cubing_outputs\multidimensional_olap_cube.csv.
2025-04-18 22:23:12.690 | INFO     | __main__:main:141 - OLAP Cubing process completed successfully.
2025-04-18 22:23:12.693 | INFO     | __main__:main:142 - Please see outputs in data\olap_cubing_outputs
2025-04-18 22:41:55.428 | INFO     | __main__:main:77 - Starting TOP_PRODUCTS_BY_REGION analysis...
2025-04-18 22:41:55.433 | INFO     | __main__:load_olap_cube:26 - OLAP cube data successfully loaded from data\olap_cubing_outputs\multidimensional_olap_cube.csv.
2025-04-18 22:41:55.437 | INFO     | __main__:analyze_top_products_by_region:45 - Top-selling products by region identified successfully.
2025-04-18 22:41:55.459 | INFO     | __main__:main:88 - Top products by region saved to data\results\top_products_by_region_year.csv.
2025-04-18 22:41:56.798 | INFO     | __main__:visualize_top_products_by_region:68 - Visualization saved to data\results\top_products_by_region_year.png.
2025-04-18 22:49:25.878 | INFO     | __main__:main:77 - Starting TOP_PRODUCTS_BY_REGION analysis...
2025-04-18 22:49:25.884 | INFO     | __main__:load_olap_cube:26 - OLAP cube data successfully loaded from data\olap_cubing_outputs\multidimensional_olap_cube.csv.
2025-04-18 22:49:25.889 | INFO     | __main__:analyze_top_products_by_region:45 - Top-selling products by region identified successfully.
2025-04-18 22:49:25.893 | INFO     | __main__:main:88 - Top products by region saved to data\results\top_products_by_region_month.csv.
2025-04-18 22:49:26.800 | INFO     | __main__:visualize_top_products_by_region:68 - Visualization saved to data\results\top_products_by_region_month.png.
2025-04-18 22:54:07.232 | INFO     | __main__:main:79 - Starting LOWEST_PRODUCTS_BY_REGION_YEAR analysis...
2025-04-18 22:54:07.236 | INFO     | __main__:load_olap_cube:26 - OLAP cube data successfully loaded from data\olap_cubing_outputs\multidimensional_olap_cube.csv.
2025-04-18 22:54:07.239 | INFO     | __main__:analyze_worst_products_by_region:47 - Lowest-selling products by region identified successfully.
2025-04-18 22:54:07.242 | INFO     | __main__:main:90 - Lowest-selling products by region saved to data\results\lowest_products_by_region_year.csv.
2025-04-18 22:54:07.682 | INFO     | __main__:visualize_lowest_products_by_region:70 - Visualization saved to data\results\lowest_products_by_region_year.png.
2025-04-18 22:54:17.340 | INFO     | __main__:main:95 - Analysis and visualization of bottom-selling products completed successfully.
2025-04-18 22:56:18.399 | INFO     | __main__:main:79 - Starting LOWEST_PRODUCTS_BY_REGION_MONTH analysis...
2025-04-18 22:56:18.406 | INFO     | __main__:load_olap_cube:26 - OLAP cube data successfully loaded from data\olap_cubing_outputs\multidimensional_olap_cube.csv.
2025-04-18 22:56:18.416 | INFO     | __main__:analyze_worst_products_by_region:47 - Lowest-selling products by region identified successfully.
2025-04-18 22:56:18.423 | INFO     | __main__:main:90 - Lowest-selling products by region saved to data\results\lowest_products_by_region_month.csv.
2025-04-18 22:56:19.384 | INFO     | __main__:visualize_lowest_products_by_region:70 - Visualization saved to data\results\lowest_products_by_region_month.png.
2025-04-18 22:56:42.286 | INFO     | __main__:main:95 - Analysis and visualization of bottom-selling products completed successfully.
2025-04-18 23:00:41.131 | INFO     | __main__:main:77 - Starting TOP_PRODUCTS_BY_REGION analysis...
2025-04-18 23:00:41.137 | INFO     | __main__:load_olap_cube:26 - OLAP cube data successfully loaded from data\olap_cubing_outputs\multidimensional_olap_cube.csv.
2025-04-18 23:00:41.143 | INFO     | __main__:analyze_top_products_by_region:45 - Top-selling products by region identified successfully.
2025-04-18 23:00:41.157 | INFO     | __main__:main:88 - Top products by region saved to data\results\top_products_by_region_month.csv.
2025-04-18 23:00:42.182 | INFO     | __main__:visualize_top_products_by_region:68 - Visualization saved to data\results\top_products_by_region_month.png.
2025-04-18 23:02:08.511 | INFO     | __main__:main:93 - Analysis and visualization of top-selling products completed successfully.
2025-04-18 23:03:15.522 | INFO     | __main__:main:77 - Starting TOP_PRODUCTS_BY_REGION analysis...
2025-04-18 23:03:15.526 | INFO     | __main__:load_olap_cube:26 - OLAP cube data successfully loaded from data\olap_cubing_outputs\multidimensional_olap_cube.csv.
2025-04-18 23:03:15.532 | INFO     | __main__:analyze_top_products_by_region:45 - Top-selling products by region identified successfully.
2025-04-18 23:03:15.536 | INFO     | __main__:main:88 - Top products by region saved to data\results\top_products_by_region_month.csv.
2025-04-18 23:03:16.434 | INFO     | __main__:visualize_top_products_by_region:68 - Visualization saved to data\results\top_products_by_region_month.png.
2025-04-18 23:03:23.899 | INFO     | __main__:main:93 - Analysis and visualization of top-selling products completed successfully.
2025-04-18 23:08:43.783 | INFO     | __main__:main:76 - Starting TOP_PRODUCTS_BY_REGION analysis...
2025-04-18 23:08:43.788 | INFO     | __main__:load_olap_cube:26 - OLAP cube data successfully loaded from data\olap_cubing_outputs\multidimensional_olap_cube.csv.
2025-04-18 23:08:43.794 | INFO     | __main__:analyze_top_products_by_region:44 - Top-selling products by region identified successfully.
2025-04-18 23:08:43.801 | INFO     | __main__:main:87 - Top products by region saved to data\results\top_products_by_region_month.csv.
2025-04-18 23:08:44.961 | INFO     | __main__:visualize_top_products_by_region:67 - Visualization saved to data\results\top_products_by_region_month.png.
2025-04-18 23:10:52.732 | INFO     | __main__:main:92 - Analysis and visualization of top-selling products completed successfully.
2025-04-18 23:11:15.246 | INFO     | __main__:main:74 - Starting TOP_PRODUCTS_BY_REGION analysis...
2025-04-18 23:11:15.251 | INFO     | __main__:load_olap_cube:26 - OLAP cube data successfully loaded from data\olap_cubing_outputs\multidimensional_olap_cube.csv.
2025-04-18 23:11:15.252 | ERROR    | __main__:analyze_top_products_by_region:45 - Error analyzing top products by region: 'total_sales'
2025-04-18 23:13:31.123 | INFO     | __main__:main:77 - Starting TOP_PRODUCTS_BY_REGION analysis...
2025-04-18 23:13:31.128 | INFO     | __main__:load_olap_cube:26 - OLAP cube data successfully loaded from data\olap_cubing_outputs\multidimensional_olap_cube.csv.
2025-04-18 23:13:31.131 | INFO     | __main__:analyze_top_products_by_region:45 - Top products by region and month identified successfully.
2025-04-18 23:13:31.136 | INFO     | __main__:main:88 - Top products by region saved to data\results\top_products_by_region_month.csv.
2025-04-18 23:13:32.003 | INFO     | __main__:visualize_top_products_by_region:68 - Visualization saved to data\results\top_products_by_region_month.png.
2025-04-18 23:14:55.779 | INFO     | __main__:main:93 - Analysis and visualization of top-selling products completed successfully.
2025-04-18 23:16:08.022 | INFO     | __main__:main:77 - Starting TOP_PRODUCTS_BY_REGION analysis...
2025-04-18 23:16:08.029 | INFO     | __main__:load_olap_cube:26 - OLAP cube data successfully loaded from data\olap_cubing_outputs\multidimensional_olap_cube.csv.
2025-04-18 23:16:08.035 | INFO     | __main__:analyze_top_products_by_region:45 - Top products by region and month identified successfully.
2025-04-18 23:16:08.043 | INFO     | __main__:main:88 - Top products by region saved to data\results\top_products_by_region_month.csv.
2025-04-18 23:16:08.935 | INFO     | __main__:visualize_top_products_by_region:68 - Visualization saved to data\results\top_products_by_region_month.png.
2025-04-18 23:16:22.439 | INFO     | __main__:main:93 - Analysis and visualization of top-selling products completed successfully.
2025-04-18 23:20:39.796 | INFO     | __main__:main:117 - Starting OLAP Cubing process...
2025-04-18 23:20:39.801 | INFO     | __main__:ingest_sales_data_from_dw:33 - Sales data (with region and product_name) successfully loaded from SQLite data warehouse.
2025-04-18 23:20:39.831 | INFO     | __main__:create_olap_cube:70 - OLAP cube created with dimensions: ['Year', 'Month', 'region', 'product_name']
2025-04-18 23:20:39.837 | INFO     | __main__:write_cube_to_csv:109 - OLAP cube saved to data\olap_cubing_outputs\multidimensional_olap_cube.csv.
2025-04-18 23:20:39.838 | INFO     | __main__:main:141 - OLAP Cubing process completed successfully.
2025-04-18 23:20:39.839 | INFO     | __main__:main:142 - Please see outputs in data\olap_cubing_outputs
2025-04-18 23:21:17.348 | INFO     | __main__:main:77 - Starting TOP_PRODUCTS_BY_REGION analysis...
2025-04-18 23:21:17.353 | INFO     | __main__:load_olap_cube:26 - OLAP cube data successfully loaded from data\olap_cubing_outputs\multidimensional_olap_cube.csv.
2025-04-18 23:21:17.356 | INFO     | __main__:analyze_top_products_by_region:45 - Top products by region and month identified successfully.
2025-04-18 23:21:17.362 | INFO     | __main__:main:88 - Top products by region saved to data\results\top_products_by_region_month.csv.
2025-04-18 23:21:18.235 | INFO     | __main__:visualize_top_products_by_region:68 - Visualization saved to data\results\top_products_by_region_month.png.
2025-04-18 23:21:28.623 | INFO     | __main__:main:93 - Analysis and visualization of top-selling products completed successfully.
2025-04-18 23:23:47.820 | INFO     | __main__:main:79 - Starting TOP_PRODUCTS_BY_REGION analysis...
2025-04-18 23:23:47.823 | INFO     | __main__:load_olap_cube:26 - OLAP cube data successfully loaded from data\olap_cubing_outputs\multidimensional_olap_cube.csv.
2025-04-18 23:23:47.825 | INFO     | __main__:analyze_top_products_by_region:47 - Top-selling products by region and month identified successfully.
2025-04-18 23:23:47.828 | INFO     | __main__:main:90 - Top products by region saved to data\results\top_products_by_region_month.csv.
2025-04-18 23:23:48.251 | INFO     | __main__:visualize_top_products_by_region:70 - Visualization saved to data\results\top_products_by_region_month.png.
2025-04-18 23:23:51.372 | INFO     | __main__:main:95 - Analysis and visualization of top-selling products completed successfully.
2025-04-18 23:25:53.803 | INFO     | __main__:main:79 - Starting TOP_PRODUCTS_BY_REGION analysis...
2025-04-18 23:25:53.806 | INFO     | __main__:load_olap_cube:26 - OLAP cube data successfully loaded from data\olap_cubing_outputs\multidimensional_olap_cube.csv.
2025-04-18 23:25:53.808 | INFO     | __main__:analyze_top_products_by_region:47 - Top-selling products by region and month identified successfully.
2025-04-18 23:25:53.811 | INFO     | __main__:main:90 - Top products by region saved to data\results\top_products_by_region_month.csv.
2025-04-18 23:25:54.238 | INFO     | __main__:visualize_top_products_by_region:70 - Visualization saved to data\results\top_products_by_region_month.png.
2025-04-18 23:26:05.143 | INFO     | __main__:main:95 - Analysis and visualization of top-selling products completed successfully.
2025-04-18 23:30:07.592 | INFO     | __main__:main:79 - Starting LOWEST_PRODUCTS_BY_REGION_MONTH analysis...
2025-04-18 23:30:07.595 | INFO     | __main__:load_olap_cube:26 - OLAP cube data successfully loaded from data\olap_cubing_outputs\multidimensional_olap_cube.csv.
2025-04-18 23:30:07.597 | INFO     | __main__:analyze_worst_products_by_region:47 - Lowest-selling products by region and month identified successfully.
2025-04-18 23:30:07.599 | INFO     | __main__:main:90 - Lowest-selling products by region saved to data\results\lowest_products_by_region_month.csv.
2025-04-18 23:30:08.026 | INFO     | __main__:visualize_lowest_products_by_region:70 - Visualization saved to data\results\lowest_products_by_region_month.png.
2025-04-18 23:32:08.812 | INFO     | __main__:main:100 - Starting SALE_COUNT_BY_REGION_YEAR analysis...
2025-04-18 23:32:08.815 | INFO     | __main__:load_olap_cube:26 - OLAP cube data successfully loaded from data\olap_cubing_outputs\multidimensional_olap_cube.csv.
2025-04-18 23:32:08.817 | INFO     | __main__:analyze_top_products_by_volume:41 - Top products by volume identified successfully.
2025-04-18 23:32:08.818 | INFO     | __main__:main:111 - Top volume products saved to data\results\top_volume_products_by_region_year.csv.
2025-04-18 23:32:09.128 | INFO     | __main__:visualize_top_products_by_sales_count:66 - Top products by sales count grouped bar chart saved to data\results\top_products_by_sales_count_month.png.
2025-04-18 23:32:38.950 | INFO     | __main__:visualize_sale_counts_heatmap:91 - Sales heatmap saved to data\results\sales_heatmap_region_year.png.
2025-04-18 23:32:55.966 | INFO     | __main__:main:119 - Grouped bar chart and heatmap analysis of sale counts completed successfully.
